<?xml version="1.1" encoding="UTF-8"?>
<testsuite name="info.shelfunit.StepwiseExtension" tests="3" failures="0" errors="0" timestamp="2014-01-20T06:58:32" hostname="finance" time="0.024">
  <properties/>
  <testcase name="step 1" classname="info.shelfunit.StepwiseExtension" time="0.002"/>
  <testcase name="step 2" classname="info.shelfunit.StepwiseExtension" time="0.016"/>
  <testcase name="step 3" classname="info.shelfunit.StepwiseExtension" time="0.002"/>
  <system-out><![CDATA[In StepwiseExtension
]]></system-out>
  <system-err><![CDATA[]]></system-err>
</testsuite>
