<?xml version="1.1" encoding="UTF-8"?>
<testsuite name="info.shelfunit.MoreTest" tests="1" failures="0" errors="0" timestamp="1970-01-01T00:00:00" hostname="finance" time="1.390201112387E9">
  <properties/>
  <testcase name="retrieve test name at runtime" classname="info.shelfunit.MoreTest" time="0.776"/>
  <system-out><![CDATA[entering methodName
methodList.size(): 195
---------------- HEY LADIES ---------------------------
this$dist$invoke$4, super$2$GroovyMockImpl, super$2$GroovyMockImpl, super$2$GroovyMockImpl, super$2$GroovyMockImpl, super$2$GroovyMockImpl, super$2$GroovyMockImpl, super$2$GroovyMockImpl, super$2$GroovyMockImpl, super$4$with, super$3$GroovyMock, super$3$GroovyMock, super$3$GroovyMock, super$3$GroovyMock, super$3$GroovyMock, super$3$GroovyMock, super$3$GroovyMock, super$3$GroovyMock, super$4$noExceptionThrown, super$2$StubImpl, super$2$StubImpl, super$2$StubImpl, super$2$StubImpl, super$2$StubImpl, super$2$StubImpl, super$2$StubImpl, super$2$StubImpl, super$4$old, super$2$createMock, super$3$Mock, super$3$Mock, super$3$Mock, super$3$Mock, super$3$Mock, super$3$Mock, super$3$Mock, super$3$Mock, super$2$MockImpl, super$2$MockImpl, super$2$MockImpl, super$2$MockImpl, super$2$MockImpl, super$2$MockImpl, super$2$MockImpl, super$2$MockImpl, super$4$notThrown, super$3$interaction, super$2$getSpecificationContext, super$2$oldImpl, this$dist$set$4, this$dist$get$4, super$3$GroovySpy, super$3$GroovySpy, super$3$GroovySpy, super$3$GroovySpy, super$3$GroovySpy, super$3$GroovySpy, super$3$GroovySpy, super$3$GroovySpy, super$2$GroovySpyImpl, super$2$GroovySpyImpl, super$2$GroovySpyImpl, super$2$GroovySpyImpl, super$2$GroovySpyImpl, super$2$GroovySpyImpl, super$2$GroovySpyImpl, super$2$GroovySpyImpl, super$3$GroovyStub, super$3$GroovyStub, super$3$GroovyStub, super$3$GroovyStub, super$3$GroovyStub, super$3$GroovyStub, super$3$GroovyStub, super$3$GroovyStub, super$4$thrown, super$4$thrown, super$2$SpyImpl, super$2$SpyImpl, super$2$SpyImpl, super$2$SpyImpl, super$2$SpyImpl, super$2$SpyImpl, super$2$SpyImpl, super$2$SpyImpl, super$3$Stub, super$3$Stub, super$3$Stub, super$3$Stub, super$3$Stub, super$3$Stub, super$3$Stub, super$3$Stub, super$2$GroovyStubImpl, super$2$GroovyStubImpl, super$2$GroovyStubImpl, super$2$GroovyStubImpl, super$2$GroovyStubImpl, super$2$GroovyStubImpl, super$2$GroovyStubImpl, super$2$GroovyStubImpl, super$3$Spy, super$3$Spy, super$3$Spy, super$3$Spy, super$3$Spy, super$3$Spy, super$3$Spy, super$3$Spy, super$2$thrownImpl, super$2$thrownImpl, $spock_feature_0_0, setProperty, getProperty, getMetaClass, setMetaClass, invokeMethod, __$swapInit, super$1$wait, super$1$wait, super$1$wait, super$1$toString, super$1$notify, super$1$notifyAll, super$1$getClass, super$1$clone, super$1$equals, super$1$hashCode, super$1$finalize, with, noExceptionThrown, old, notThrown, thrown, thrown, GroovySpy, GroovySpy, GroovySpy, GroovySpy, GroovySpy, GroovySpy, GroovySpy, GroovySpy, GroovyMock, GroovyMock, GroovyMock, GroovyMock, GroovyMock, GroovyMock, GroovyMock, GroovyMock, Mock, Mock, Mock, Mock, Mock, Mock, Mock, Mock, interaction, GroovyStub, GroovyStub, GroovyStub, GroovyStub, GroovyStub, GroovyStub, GroovyStub, GroovyStub, Stub, Stub, Stub, Stub, Stub, Stub, Stub, Stub, Spy, Spy, Spy, Spy, Spy, Spy, Spy, Spy, createMock, getSpecificationContext, wait, wait, wait, equals, toString, hashCode, getClass, notify, notifyAll,  
---------------- HEY LADIES ---------------------------
leaving methodName
]]></system-out>
  <system-err><![CDATA[]]></system-err>
</testsuite>
