<?xml version="1.1" encoding="UTF-8"?>
<testsuite name="info.shelfunit.app.lombok.AppTest" tests="1" failures="0" errors="0" timestamp="2014-01-23T06:25:39" hostname="finance" time="0.002">
  <properties/>
  <testcase name="testApp" classname="info.shelfunit.app.lombok.AppTest" time="0.002"/>
  <system-out><![CDATA[]]></system-out>
  <system-err><![CDATA[]]></system-err>
</testsuite>
