<?xml version="1.1" encoding="UTF-8"?>
<testsuite name="info.shelfunit.PublisherSpec" tests="2" failures="0" errors="0" timestamp="2014-01-20T06:58:33" hostname="finance" time="0.13">
  <properties/>
  <testcase name="delivers events to all subscribers" classname="info.shelfunit.PublisherSpec" time="0.116"/>
  <testcase name="can cope with misbehaving subscribers" classname="info.shelfunit.PublisherSpec" time="0.014"/>
  <system-out><![CDATA[]]></system-out>
  <system-err><![CDATA[]]></system-err>
</testsuite>
