<?xml version="1.1" encoding="UTF-8"?>
<testsuite name="info.shelfunit.app.lombok.AppTest" tests="1" failures="0" errors="0" timestamp="2014-01-20T06:58:32" hostname="finance" time="0.003">
  <properties/>
  <testcase name="testApp" classname="info.shelfunit.app.lombok.AppTest" time="0.003"/>
  <system-out><![CDATA[]]></system-out>
  <system-err><![CDATA[]]></system-err>
</testsuite>
