<?xml version="1.1" encoding="UTF-8"?>
<testsuite name="info.shelfunit.HamcrestMatchers" tests="1" failures="0" errors="0" timestamp="2014-01-19T06:02:07" hostname="finance" time="0.098">
  <properties/>
  <testcase name="comparing two decimal numbers" classname="info.shelfunit.HamcrestMatchers" time="0.098"/>
  <system-out><![CDATA[]]></system-out>
  <system-err><![CDATA[]]></system-err>
</testsuite>
