<?xml version="1.1" encoding="UTF-8"?>
<testsuite name="info.shelfunit.DatabaseDriven" tests="1" failures="0" errors="0" timestamp="2014-01-19T06:02:07" hostname="finance" time="0.146">
  <properties/>
  <testcase name="maximum of two numbers" classname="info.shelfunit.DatabaseDriven" time="0.146"/>
  <system-out><![CDATA[]]></system-out>
  <system-err><![CDATA[]]></system-err>
</testsuite>
