<?xml version="1.1" encoding="UTF-8"?>
<testsuite name="info.shelfunit.EmptyStack" tests="4" failures="0" errors="0" timestamp="2014-01-20T06:58:31" hostname="finance" time="0.711">
  <properties/>
  <testcase name="size" classname="info.shelfunit.EmptyStack" time="0.4"/>
  <testcase name="pop" classname="info.shelfunit.EmptyStack" time="0.275"/>
  <testcase name="peek" classname="info.shelfunit.EmptyStack" time="0.005"/>
  <testcase name="push" classname="info.shelfunit.EmptyStack" time="0.03"/>
  <system-out><![CDATA[]]></system-out>
  <system-err><![CDATA[]]></system-err>
</testsuite>
