<?xml version="1.1" encoding="UTF-8"?>
<testsuite name="info.shelfunit.DataDriven" tests="4" failures="0" errors="0" timestamp="2014-01-19T06:02:06" hostname="finance" time="0.41">
  <properties/>
  <testcase name="maximum of two numbers" classname="info.shelfunit.DataDriven" time="0.264"/>
  <testcase name="minimum of 3 and 7 is 3" classname="info.shelfunit.DataDriven" time="0.001"/>
  <testcase name="minimum of 5 and 4 is 4" classname="info.shelfunit.DataDriven" time="0.002"/>
  <testcase name="minimum of 9 and 9 is 9" classname="info.shelfunit.DataDriven" time="0.002"/>
  <system-out><![CDATA[]]></system-out>
  <system-err><![CDATA[]]></system-err>
</testsuite>
