<?xml version="1.1" encoding="UTF-8"?>
<testsuite name="info.shelfunit.StackWithThreeElements" tests="4" failures="0" errors="0" timestamp="2014-01-19T06:02:07" hostname="finance" time="0.115">
  <properties/>
  <testcase name="size" classname="info.shelfunit.StackWithThreeElements" time="0.111"/>
  <testcase name="pop" classname="info.shelfunit.StackWithThreeElements" time="0.001"/>
  <testcase name="peek" classname="info.shelfunit.StackWithThreeElements" time="0.001"/>
  <testcase name="push" classname="info.shelfunit.StackWithThreeElements" time="0.001"/>
  <system-out><![CDATA[]]></system-out>
  <system-err><![CDATA[]]></system-err>
</testsuite>
