<?xml version="1.1" encoding="UTF-8"?>
<testsuite name="org.groovy.cookbook.BookTest" tests="2" failures="0" errors="0" timestamp="2014-04-20T19:06:26" hostname="finance" time="0.386">
  <properties/>
  <testcase name="testNames" classname="org.groovy.cookbook.BookTest" time="0.038"/>
  <testcase name="testListProperties" classname="org.groovy.cookbook.BookTest" time="0.348"/>
  <system-out><![CDATA[title=The Old Man and the Sea
class=class org.groovy.cookbook.Book
amazonSalesPosition=1
year=1952
pages=200
author=org.groovy.cookbook.Author@63d181de
org.codehaus.groovy.runtime.HandleMetaClass@699a1774[groovy.lang.MetaClassImpl@699a1774[class org.groovy.cookbook.Book]]
#### METHODS ####
public boolean java.lang.Object.equals(java.lang.Object)
public final native java.lang.Class java.lang.Object.getClass()
public native int java.lang.Object.hashCode()
public final native void java.lang.Object.notify()
public final native void java.lang.Object.notifyAll()
public java.lang.String java.lang.Object.toString()
public final void java.lang.Object.wait() throws java.lang.InterruptedException
public final native void java.lang.Object.wait(long) throws java.lang.InterruptedException
public final void java.lang.Object.wait(long,int) throws java.lang.InterruptedException
public static void org.groovy.cookbook.Book.__$swapInit()
public void org.groovy.cookbook.Book.attachReview(java.lang.String)
public java.lang.Long org.groovy.cookbook.Book.getAmazonSalesPosition()
public org.groovy.cookbook.Author org.groovy.cookbook.Book.getAuthor()
public groovy.lang.MetaClass org.groovy.cookbook.Book.getMetaClass()
public java.lang.Long org.groovy.cookbook.Book.getPages()
public java.lang.Object org.groovy.cookbook.Book.getProperty(java.lang.String)
public java.lang.String org.groovy.cookbook.Book.getTitle()
public java.lang.Long org.groovy.cookbook.Book.getYear()
public java.lang.Object org.groovy.cookbook.Book.invokeMethod(java.lang.String,java.lang.Object)
public void org.groovy.cookbook.Book.setAuthor(org.groovy.cookbook.Author)
public void org.groovy.cookbook.Book.setMetaClass(groovy.lang.MetaClass)
public void org.groovy.cookbook.Book.setPages(java.lang.Long)
public void org.groovy.cookbook.Book.setProperty(java.lang.String,java.lang.Object)
public void org.groovy.cookbook.Book.setTitle(java.lang.String)
public void org.groovy.cookbook.Book.setYear(java.lang.Long)
#### PROPERTIES ####
title
class
amazonSalesPosition
year
pages
author
]]></system-out>
  <system-err><![CDATA[]]></system-err>
</testsuite>
