<?xml version="1.1" encoding="UTF-8"?>
<testsuite name="org.groovy.cookbook.BigDecimalTest" tests="1" failures="0" errors="0" timestamp="2014-04-20T21:23:30" hostname="finance" time="0.199">
  <properties/>
  <testcase name="testEuros" classname="org.groovy.cookbook.BigDecimalTest" time="0.199"/>
  <system-out><![CDATA[]]></system-out>
  <system-err><![CDATA[]]></system-err>
</testsuite>
