<?xml version="1.1" encoding="UTF-8"?>
<testsuite name="info.shelfunit.DatabaseDriven" tests="1" failures="1" errors="0" timestamp="2014-04-04T05:06:48" hostname="finance" time="0.0">
  <properties/>
  <testcase name="classMethod" classname="info.shelfunit.DatabaseDriven" time="0.0">
    <failure message="java.lang.ClassNotFoundException: org.h2.Driver" type="java.lang.ClassNotFoundException">java.lang.ClassNotFoundException: org.h2.Driver
	at java.net.URLClassLoader$1.run(URLClassLoader.java:366)
	at java.net.URLClassLoader$1.run(URLClassLoader.java:355)
	at java.net.URLClassLoader.findClass(URLClassLoader.java:354)
	at java.lang.ClassLoader.loadClass(ClassLoader.java:423)
	at sun.misc.Launcher$AppClassLoader.loadClass(Launcher.java:308)
	at java.lang.ClassLoader.loadClass(ClassLoader.java:356)
	at java.lang.Class.forName(Class.java:186)
	at groovy.sql.Sql.loadDriver(Sql.java:701)
	at groovy.sql.Sql.newInstance(Sql.java:483)
	at info.shelfunit.DatabaseDriven.$spock_initializeSharedFields(DatabaseDriven.groovy:24)
</failure>
  </testcase>
  <system-out><![CDATA[]]></system-out>
  <system-err><![CDATA[]]></system-err>
</testsuite>
