<?xml version="1.1" encoding="UTF-8"?>
<testsuite name="info.shelfunit.HamcrestMatchers" tests="1" failures="0" errors="0" timestamp="2014-04-04T05:21:33" hostname="finance" time="0.042">
  <properties/>
  <testcase name="comparing two decimal numbers" classname="info.shelfunit.HamcrestMatchers" time="0.042"/>
  <system-out><![CDATA[]]></system-out>
  <system-err><![CDATA[]]></system-err>
</testsuite>
