<?xml version="1.1" encoding="UTF-8"?>
<testsuite name="info.shelfunit.StackWithOneElement" tests="4" failures="0" errors="0" timestamp="1970-01-01T00:00:00" hostname="finance" time="1.396588893383E9">
  <properties/>
  <testcase name="size" classname="info.shelfunit.StackWithOneElement" time="0.003"/>
  <testcase name="pop" classname="info.shelfunit.StackWithOneElement" time="0.0"/>
  <testcase name="peek" classname="info.shelfunit.StackWithOneElement" time="0.0"/>
  <testcase name="push" classname="info.shelfunit.StackWithOneElement" time="0.002"/>
  <system-out><![CDATA[stack is a java.util.Stack
stack is a java.util.Stack
stack is a java.util.Stack
stack is a java.util.Stack
]]></system-out>
  <system-err><![CDATA[]]></system-err>
</testsuite>
