<?xml version="1.1" encoding="UTF-8"?>
<testsuite name="info.shelfunit.StackWithThreeElements" tests="4" failures="0" errors="0" timestamp="2014-04-04T05:21:33" hostname="finance" time="0.011">
  <properties/>
  <testcase name="size" classname="info.shelfunit.StackWithThreeElements" time="0.003"/>
  <testcase name="pop" classname="info.shelfunit.StackWithThreeElements" time="0.001"/>
  <testcase name="peek" classname="info.shelfunit.StackWithThreeElements" time="0.004"/>
  <testcase name="push" classname="info.shelfunit.StackWithThreeElements" time="0.002"/>
  <system-out><![CDATA[]]></system-out>
  <system-err><![CDATA[]]></system-err>
</testsuite>
